  Project1.cpp
C:\Users\young\source\repos\5_15\Project1.cpp(10,36): warning C4305: '초기화 중': 'double'에서 'GLfloat'(으)로 잘립니다.
C:\Users\young\source\repos\5_15\Project1.cpp(10,41): warning C4305: '초기화 중': 'double'에서 'GLfloat'(으)로 잘립니다.
C:\Users\young\source\repos\5_15\Project1.cpp(12,36): warning C4305: '초기화 중': 'double'에서 'GLfloat'(으)로 잘립니다.
C:\Users\young\source\repos\5_15\Project1.cpp(12,41): warning C4305: '초기화 중': 'double'에서 'GLfloat'(으)로 잘립니다.
C:\Users\young\source\repos\5_15\Project1.cpp(15,33): warning C4305: '초기화 중': 'double'에서 'GLfloat'(으)로 잘립니다.
C:\Users\young\source\repos\5_15\Project1.cpp(15,38): warning C4305: '초기화 중': 'double'에서 'GLfloat'(으)로 잘립니다.
C:\Users\young\source\repos\5_15\Project1.cpp(15,43): warning C4305: '초기화 중': 'double'에서 'GLfloat'(으)로 잘립니다.
C:\Users\young\source\repos\5_15\Project1.cpp(16,33): warning C4305: '초기화 중': 'double'에서 'GLfloat'(으)로 잘립니다.
C:\Users\young\source\repos\5_15\Project1.cpp(16,38): warning C4305: '초기화 중': 'double'에서 'GLfloat'(으)로 잘립니다.
C:\Users\young\source\repos\5_15\Project1.cpp(16,43): warning C4305: '초기화 중': 'double'에서 'GLfloat'(으)로 잘립니다.
C:\Users\young\source\repos\5_15\Project1.cpp(35,23): warning C4305: '인수': 'double'에서 'GLfloat'(으)로 잘립니다.
C:\Users\young\source\repos\5_15\Project1.cpp(36,19): warning C4305: '인수': 'double'에서 'GLfloat'(으)로 잘립니다.
C:\Users\young\source\repos\5_15\Project1.cpp(42,24): warning C4305: '인수': 'double'에서 'GLfloat'(으)로 잘립니다.
C:\Users\young\source\repos\5_15\Project1.cpp(43,25): warning C4305: '인수': 'double'에서 'GLfloat'(으)로 잘립니다.
C:\Users\young\source\repos\5_15\Project1.cpp(43,20): warning C4305: '인수': 'double'에서 'GLfloat'(으)로 잘립니다.
C:\Users\young\source\repos\5_15\Project1.cpp(43,14): warning C4305: '인수': 'double'에서 'GLfloat'(으)로 잘립니다.
C:\Users\young\source\repos\5_15\Project1.cpp(48,25): warning C4305: '인수': 'double'에서 'GLfloat'(으)로 잘립니다.
C:\Users\young\source\repos\5_15\Project1.cpp(49,25): warning C4305: '인수': 'double'에서 'GLfloat'(으)로 잘립니다.
C:\Users\young\source\repos\5_15\Project1.cpp(49,20): warning C4305: '인수': 'double'에서 'GLfloat'(으)로 잘립니다.
C:\Users\young\source\repos\5_15\Project1.cpp(49,14): warning C4305: '인수': 'double'에서 'GLfloat'(으)로 잘립니다.
C:\Users\young\source\repos\5_15\Project1.cpp(54,24): warning C4305: '인수': 'double'에서 'GLfloat'(으)로 잘립니다.
C:\Users\young\source\repos\5_15\Project1.cpp(55,25): warning C4305: '인수': 'double'에서 'GLfloat'(으)로 잘립니다.
C:\Users\young\source\repos\5_15\Project1.cpp(55,20): warning C4305: '인수': 'double'에서 'GLfloat'(으)로 잘립니다.
C:\Users\young\source\repos\5_15\Project1.cpp(55,14): warning C4305: '인수': 'double'에서 'GLfloat'(으)로 잘립니다.
C:\Users\young\source\repos\5_15\Project1.cpp(60,25): warning C4305: '인수': 'double'에서 'GLfloat'(으)로 잘립니다.
C:\Users\young\source\repos\5_15\Project1.cpp(61,25): warning C4305: '인수': 'double'에서 'GLfloat'(으)로 잘립니다.
C:\Users\young\source\repos\5_15\Project1.cpp(61,20): warning C4305: '인수': 'double'에서 'GLfloat'(으)로 잘립니다.
C:\Users\young\source\repos\5_15\Project1.cpp(61,14): warning C4305: '인수': 'double'에서 'GLfloat'(으)로 잘립니다.
C:\Users\young\source\repos\5_15\Project1.cpp(69,25): warning C4305: '인수': 'double'에서 'GLfloat'(으)로 잘립니다.
C:\Users\young\source\repos\5_15\Project1.cpp(69,19): warning C4305: '인수': 'double'에서 'GLfloat'(으)로 잘립니다.
C:\Users\young\source\repos\5_15\Project1.cpp(75,31): warning C4305: '인수': 'double'에서 'GLfloat'(으)로 잘립니다.
C:\Users\young\source\repos\5_15\Project1.cpp(75,24): warning C4305: '인수': 'double'에서 'GLfloat'(으)로 잘립니다.
C:\Users\young\source\repos\5_15\Project1.cpp(75,18): warning C4305: '인수': 'double'에서 'GLfloat'(으)로 잘립니다.
C:\Users\young\source\repos\5_15\Project1.cpp(76,24): warning C4305: '인수': 'double'에서 'GLfloat'(으)로 잘립니다.
C:\Users\young\source\repos\5_15\Project1.cpp(76,19): warning C4305: '인수': 'double'에서 'GLfloat'(으)로 잘립니다.
C:\Users\young\source\repos\5_15\Project1.cpp(76,14): warning C4305: '인수': 'double'에서 'GLfloat'(으)로 잘립니다.
C:\Users\young\source\repos\5_15\Project1.cpp(82,23): warning C4305: '인수': 'double'에서 'GLfloat'(으)로 잘립니다.
C:\Users\young\source\repos\5_15\Project1.cpp(83,24): warning C4305: '인수': 'double'에서 'GLfloat'(으)로 잘립니다.
C:\Users\young\source\repos\5_15\Project1.cpp(83,19): warning C4305: '인수': 'double'에서 'GLfloat'(으)로 잘립니다.
C:\Users\young\source\repos\5_15\Project1.cpp(83,14): warning C4305: '인수': 'double'에서 'GLfloat'(으)로 잘립니다.
C:\Users\young\source\repos\5_15\Project1.cpp(140,28): warning C4305: '인수': 'double'에서 'GLclampf'(으)로 잘립니다.
C:\Users\young\source\repos\5_15\Project1.cpp(140,23): warning C4305: '인수': 'double'에서 'GLclampf'(으)로 잘립니다.
C:\Users\young\source\repos\5_15\Project1.cpp(140,18): warning C4305: '인수': 'double'에서 'GLclampf'(으)로 잘립니다.
  5_15.vcxproj -> C:\Users\young\source\repos\5_15\x64\Debug\5_15.exe
  'pwsh.exe'은(는) 내부 또는 외부 명령, 실행할 수 있는 프로그램, 또는
  배치 파일이 아닙니다.
